2025-05-29 01:10:01,543 - INFO - Load pretrained SentenceTransformer: all-MiniLM-L6-v2
2025-05-29 02:38:24,798 - INFO - Anonymizing: 3/30/2011 (Label: DATE) -> [DATE]
2025-05-29 02:38:24,802 - INFO - Anonymizing: 3/30/2011 (Label: DATE) -> [DATE]
2025-05-29 02:38:47,196 - INFO - Anonymizing: 888-346-3656 (Label: PHONE) -> [PHONE]
2025-05-29 02:39:17,791 - INFO - Anonymizing: 888-346-3656 (Label: PHONE) -> [PHONE]
2025-05-29 02:40:10,981 - INFO - Anonymizing: 888-346-3656 (Label: PHONE) -> [PHONE]
2025-05-29 02:46:39,316 - INFO - Anonymizing: 888-346-3656 (Label: PHONE) -> [PHONE]
2025-05-29 02:47:17,290 - INFO - Anonymizing: 800-411-1222 (Label: PHONE) -> [PHONE]
2025-05-29 02:48:16,226 - INFO - Anonymizing: 336-492-2641 (Label: PHONE) -> [PHONE]
2025-05-29 02:48:18,892 - INFO - Anonymizing: 3/27/2011 (Label: DATE) -> [DATE]
2025-05-29 02:49:51,247 - INFO - Anonymizing: 888-346-3656 (Label: PHONE) -> [PHONE]
2025-05-29 02:56:21,533 - INFO - Anonymizing: 888-463-6332 (Label: PHONE) -> [PHONE]
2025-05-29 02:57:05,771 - INFO - Anonymizing: Case 4 (Label: PATIENT_ID) -> [PATIENT_ID]
2025-05-29 02:57:05,771 - INFO - Anonymizing: Case 1 (Label: PATIENT_ID) -> [PATIENT_ID]
2025-05-29 02:59:51,509 - INFO - Anonymizing: 888-232-6348 (Label: PHONE) -> [PHONE]
2025-05-29 02:59:51,510 - INFO - Anonymizing: 800-232-4636 (Label: PHONE) -> [PHONE]
2025-05-29 03:00:54,152 - INFO - Anonymizing: 310-623-4466 (Label: PHONE) -> [PHONE]
2025-05-29 03:00:54,153 - INFO - Anonymizing: 888-430-9898 (Label: PHONE) -> [PHONE]
2025-05-29 03:00:54,153 - INFO - Anonymizing: 410-785-1414 (Label: PHONE) -> [PHONE]
2025-05-29 03:00:54,153 - INFO - Anonymizing: 888-394-3937 (Label: PHONE) -> [PHONE]
2025-05-29 03:00:54,153 - INFO - Anonymizing: 21117-2220 (Label: SSN) -> [SSN]
2025-05-29 03:00:54,153 - INFO - Anonymizing: 212-605-3719 (Label: PHONE) -> [PHONE]
2025-05-29 03:00:54,153 - INFO - Anonymizing: 10021-7471 (Label: SSN) -> [SSN]
2025-05-29 03:00:54,153 - INFO - Anonymizing: 2020@nei.nih.gov (Label: EMAIL) -> [EMAIL]
2025-05-29 03:00:54,153 - INFO - Anonymizing: 301-496-5248 (Label: PHONE) -> [PHONE]
2025-05-29 03:00:54,153 - INFO - Anonymizing: 20892-3655 (Label: SSN) -> [SSN]
2025-05-29 03:00:56,503 - INFO - Anonymizing: 800-784-8669 (Label: PHONE) -> [PHONE]
2025-05-29 03:00:57,672 - INFO - Anonymizing: 800-784-8669 (Label: PHONE) -> [PHONE]
2025-05-29 03:00:57,672 - INFO - Anonymizing: 800-784-8669 (Label: PHONE) -> [PHONE]
2025-05-29 03:00:59,773 - INFO - Anonymizing: 800-273-8255 (Label: PHONE) -> [PHONE]
2025-05-29 03:00:59,773 - INFO - Anonymizing: 800-273-8255 (Label: PHONE) -> [PHONE]
2025-05-29 03:01:04,649 - INFO - Anonymizing: 2020@nei.nih.gov (Label: EMAIL) -> [EMAIL]
2025-05-29 03:01:04,649 - INFO - Anonymizing: 301-496-5248 (Label: PHONE) -> [PHONE]
2025-05-29 03:01:04,649 - INFO - Anonymizing: 20892-3655 (Label: SSN) -> [SSN]
2025-05-29 03:01:06,717 - INFO - Anonymizing: 520-881-8008 (Label: PHONE) -> [PHONE]
2025-05-29 03:01:06,717 - INFO - Anonymizing: 800-773-5433 (Label: PHONE) -> [PHONE]
2025-05-29 03:01:06,717 - INFO - Anonymizing: 877-745-1440 (Label: PHONE) -> [PHONE]
2025-05-29 03:01:06,717 - INFO - Anonymizing: 888-998-6325 (Label: PHONE) -> [PHONE]
2025-05-29 03:01:06,717 - INFO - Anonymizing: 800-677-1116 (Label: PHONE) -> [PHONE]
2025-05-29 03:01:06,717 - INFO - Anonymizing: 800-677-1116 (Label: PHONE) -> [PHONE]
2025-05-29 03:01:06,717 - INFO - Anonymizing: 800-272-3900 (Label: PHONE) -> [PHONE]
2025-05-29 03:01:06,717 - INFO - Anonymizing: 800-438-4380 (Label: PHONE) -> [PHONE]
2025-05-29 03:01:06,717 - INFO - Anonymizing: 800-272-3900 (Label: PHONE) -> [PHONE]
2025-05-29 03:01:06,717 - INFO - Anonymizing: 800-438-4380 (Label: PHONE) -> [PHONE]
2025-05-29 03:01:07,729 - INFO - Anonymizing: 202-842-4444 (Label: PHONE) -> [PHONE]
2025-05-29 03:01:07,729 - INFO - Anonymizing: 888-687-2277 (Label: PHONE) -> [PHONE]
2025-05-29 03:01:07,729 - INFO - Anonymizing: 202-842-4444 (Label: PHONE) -> [PHONE]
2025-05-29 03:01:07,729 - INFO - Anonymizing: 888-687-2277 (Label: PHONE) -> [PHONE]
2025-05-29 03:01:07,729 - INFO - Anonymizing: 630-792-5000 (Label: PHONE) -> [PHONE]
2025-05-29 03:01:07,729 - INFO - Anonymizing: 877-486-2048 (Label: PHONE) -> [PHONE]
2025-05-29 03:01:07,729 - INFO - Anonymizing: 800-633-4227 (Label: PHONE) -> [PHONE]
2025-05-29 03:01:07,729 - INFO - Anonymizing: 21244-1850 (Label: SSN) -> [SSN]
2025-05-29 03:01:08,169 - INFO - Anonymizing: 800-677-1116 (Label: PHONE) -> [PHONE]
2025-05-29 03:01:08,169 - INFO - Anonymizing: 800-272-3900 (Label: PHONE) -> [PHONE]
2025-05-29 03:01:08,169 - INFO - Anonymizing: 800-438-4380 (Label: PHONE) -> [PHONE]
2025-05-29 03:01:08,169 - INFO - Anonymizing: 800-677-1116 (Label: PHONE) -> [PHONE]
2025-05-29 03:01:08,169 - INFO - Anonymizing: 800-272-3900 (Label: PHONE) -> [PHONE]
2025-05-29 03:01:08,169 - INFO - Anonymizing: 800-438-4380 (Label: PHONE) -> [PHONE]
2025-05-29 03:01:10,116 - INFO - Anonymizing: 2020@nei.nih.gov (Label: EMAIL) -> [EMAIL]
2025-05-29 03:01:10,116 - INFO - Anonymizing: 301-496-5248 (Label: PHONE) -> [PHONE]
2025-05-29 03:01:10,116 - INFO - Anonymizing: 20892-3655 (Label: SSN) -> [SSN]
2025-05-29 03:01:14,342 - INFO - Anonymizing: 800-784-8669 (Label: PHONE) -> [PHONE]
2025-05-29 03:01:17,467 - INFO - Anonymizing: adear@nia.nih.gov (Label: EMAIL) -> [EMAIL]
2025-05-29 03:01:17,467 - INFO - Anonymizing: 800-438-4380 (Label: PHONE) -> [PHONE]
2025-05-29 03:01:18,818 - INFO - Anonymizing: 800-438-4380 (Label: PHONE) -> [PHONE]
2025-05-29 03:01:25,758 - INFO - Anonymizing: NIAMSinfo@mail.nih.gov (Label: EMAIL) -> [EMAIL]
2025-05-29 03:01:25,758 - INFO - Anonymizing: 301-718-6366 (Label: PHONE) -> [PHONE]
2025-05-29 03:01:25,758 - INFO - Anonymizing: 301-565-2966 (Label: PHONE) -> [PHONE]
2025-05-29 03:01:25,758 - INFO - Anonymizing: 301-495-4484 (Label: PHONE) -> [PHONE]
2025-05-29 03:01:25,758 - INFO - Anonymizing: 20892-3675 (Label: SSN) -> [SSN]
2025-05-29 03:01:36,548 - INFO - Anonymizing: 800-283-7800 (Label: PHONE) -> [PHONE]
2025-05-29 03:01:37,530 - INFO - Anonymizing: 800-283-7800 (Label: PHONE) -> [PHONE]
2025-05-29 03:01:46,645 - INFO - Anonymizing: cancergovstaff@mail.nih.gov (Label: EMAIL) -> [EMAIL]
2025-05-29 03:01:46,646 - INFO - Anonymizing: 800-332-8615 (Label: PHONE) -> [PHONE]
2025-05-29 03:01:46,646 - INFO - Anonymizing: 800-422-6237 (Label: PHONE) -> [PHONE]
2025-05-29 03:01:48,433 - INFO - Anonymizing: 800-352-9424 (Label: PHONE) -> [PHONE]
2025-05-29 03:01:48,433 - INFO - Anonymizing: prpl@mail.cc.nih.gov (Label: EMAIL) -> [EMAIL]
2025-05-29 03:01:48,433 - INFO - Anonymizing: 866-411-1010 (Label: PHONE) -> [PHONE]
2025-05-29 03:01:48,433 - INFO - Anonymizing: 800-411-1222 (Label: PHONE) -> [PHONE]
2025-05-29 03:01:50,244 - INFO - Anonymizing: 800-352-9424 (Label: PHONE) -> [PHONE]
2025-05-29 03:01:51,055 - INFO - Anonymizing: 877-448-7848 (Label: PHONE) -> [PHONE]
2025-05-29 03:01:51,055 - INFO - Anonymizing: 877-448-7848 (Label: PHONE) -> [PHONE]
2025-05-29 03:01:51,055 - INFO - Anonymizing: 800-784-8669 (Label: PHONE) -> [PHONE]
2025-05-29 03:01:51,055 - INFO - Anonymizing: 800-784-8669 (Label: PHONE) -> [PHONE]
2025-05-29 03:01:58,499 - INFO - Anonymizing: 2020@nei.nih.gov (Label: EMAIL) -> [EMAIL]
2025-05-29 03:01:58,500 - INFO - Anonymizing: 301-496-5248 (Label: PHONE) -> [PHONE]
2025-05-29 03:01:58,500 - INFO - Anonymizing: 20892-3655 (Label: SSN) -> [SSN]
2025-05-29 03:02:06,178 - INFO - Anonymizing: 800-808-0772 (Label: PHONE) -> [PHONE]
2025-05-29 03:02:06,178 - INFO - Anonymizing: 800-325-0778 (Label: PHONE) -> [PHONE]
2025-05-29 03:02:06,178 - INFO - Anonymizing: 800-772-1213 (Label: PHONE) -> [PHONE]
2025-05-29 03:02:06,178 - INFO - Anonymizing: 877-486-2048 (Label: PHONE) -> [PHONE]
2025-05-29 03:02:06,178 - INFO - Anonymizing: 800-633-4227 (Label: PHONE) -> [PHONE]
2025-05-29 03:02:06,332 - INFO - Anonymizing: 800-633-4227 (Label: PHONE) -> [PHONE]
2025-05-29 03:02:06,445 - INFO - Anonymizing: 877-486-2048 (Label: PHONE) -> [PHONE]
2025-05-29 03:02:06,445 - INFO - Anonymizing: 800-633-4227 (Label: PHONE) -> [PHONE]
2025-05-29 03:02:06,628 - INFO - Anonymizing: 877-486-2048 (Label: PHONE) -> [PHONE]
2025-05-29 03:02:06,628 - INFO - Anonymizing: 800-633-4227 (Label: PHONE) -> [PHONE]
2025-05-29 03:02:06,730 - INFO - Anonymizing: 877-486-2048 (Label: PHONE) -> [PHONE]
2025-05-29 03:02:06,730 - INFO - Anonymizing: 800-633-4227 (Label: PHONE) -> [PHONE]
2025-05-29 03:02:07,187 - INFO - Anonymizing: 877-486-2048 (Label: PHONE) -> [PHONE]
2025-05-29 03:02:07,187 - INFO - Anonymizing: 800-633-4227 (Label: PHONE) -> [PHONE]
2025-05-29 03:02:07,292 - INFO - Anonymizing: 877-486-2048 (Label: PHONE) -> [PHONE]
2025-05-29 03:02:07,292 - INFO - Anonymizing: 800-633-4227 (Label: PHONE) -> [PHONE]
2025-05-29 03:02:07,917 - INFO - Anonymizing: 877-486-2048 (Label: PHONE) -> [PHONE]
2025-05-29 03:02:07,917 - INFO - Anonymizing: 800-633-4227 (Label: PHONE) -> [PHONE]
2025-05-29 03:02:07,917 - INFO - Anonymizing: 877-486-2048 (Label: PHONE) -> [PHONE]
2025-05-29 03:02:07,917 - INFO - Anonymizing: 800-633-4227 (Label: PHONE) -> [PHONE]
2025-05-29 03:02:07,917 - INFO - Anonymizing: 877-486-2048 (Label: PHONE) -> [PHONE]
2025-05-29 03:02:07,917 - INFO - Anonymizing: 800-633-4227 (Label: PHONE) -> [PHONE]
2025-05-29 03:02:07,917 - INFO - Anonymizing: 877-486-2048 (Label: PHONE) -> [PHONE]
2025-05-29 03:02:07,917 - INFO - Anonymizing: 800-633-4227 (Label: PHONE) -> [PHONE]
2025-05-29 03:02:07,917 - INFO - Anonymizing: 877-486-2048 (Label: PHONE) -> [PHONE]
2025-05-29 03:02:07,917 - INFO - Anonymizing: 800-633-4227 (Label: PHONE) -> [PHONE]
2025-05-29 03:02:07,917 - INFO - Anonymizing: 877-486-2048 (Label: PHONE) -> [PHONE]
2025-05-29 03:02:07,917 - INFO - Anonymizing: 800-633-4227 (Label: PHONE) -> [PHONE]
2025-05-29 03:02:07,917 - INFO - Anonymizing: 877-486-2048 (Label: PHONE) -> [PHONE]
2025-05-29 03:02:07,917 - INFO - Anonymizing: 800-633-4227 (Label: PHONE) -> [PHONE]
2025-05-29 03:02:07,917 - INFO - Anonymizing: 800-772-1213 (Label: PHONE) -> [PHONE]
2025-05-29 03:02:07,917 - INFO - Anonymizing: 877-486-2048 (Label: PHONE) -> [PHONE]
2025-05-29 03:02:07,917 - INFO - Anonymizing: 800-633-4227 (Label: PHONE) -> [PHONE]
2025-05-29 03:02:25,398 - INFO - Anonymizing: webmail@oc.fda.gov (Label: EMAIL) -> [EMAIL]
2025-05-29 03:02:25,399 - INFO - Anonymizing: 888-463-6332 (Label: PHONE) -> [PHONE]
2025-05-29 03:02:25,399 - INFO - Anonymizing: 20993-0002 (Label: SSN) -> [SSN]
2025-05-29 03:02:25,399 - INFO - Anonymizing: 2020@nei.nih.gov (Label: EMAIL) -> [EMAIL]
2025-05-29 03:02:25,399 - INFO - Anonymizing: 301-496-5248 (Label: PHONE) -> [PHONE]
2025-05-29 03:02:25,399 - INFO - Anonymizing: 20892-3655 (Label: SSN) -> [SSN]
2025-05-29 03:02:32,461 - INFO - Anonymizing: 800-826-6693 (Label: PHONE) -> [PHONE]
2025-05-29 03:02:32,461 - INFO - Anonymizing: 212-285-0080 (Label: PHONE) -> [PHONE]
2025-05-29 03:02:32,461 - INFO - Anonymizing: 2020@nei.nih.gov (Label: EMAIL) -> [EMAIL]
2025-05-29 03:02:32,461 - INFO - Anonymizing: 301-496-5248 (Label: PHONE) -> [PHONE]
2025-05-29 03:02:32,461 - INFO - Anonymizing: 20892-3655 (Label: SSN) -> [SSN]
2025-05-29 03:02:36,351 - INFO - Anonymizing: 301-435-8528 (Label: PHONE) -> [PHONE]
2025-05-29 03:02:36,351 - INFO - Anonymizing: 20892-1190 (Label: SSN) -> [SSN]
2025-05-29 03:02:36,579 - INFO - Anonymizing: 20892-3500 (Label: SSN) -> [SSN]
2025-05-29 03:02:39,236 - INFO - Anonymizing: 770-488-7100 (Label: PHONE) -> [PHONE]
2025-05-29 03:02:39,237 - INFO - Anonymizing: 404-639-1075 (Label: PHONE) -> [PHONE]
2025-05-29 03:02:39,237 - INFO - Anonymizing: 800-232-4636 (Label: PHONE) -> [PHONE]
2025-05-29 03:02:39,237 - INFO - Anonymizing: 770-488-7100 (Label: PHONE) -> [PHONE]
2025-05-29 03:02:39,237 - INFO - Anonymizing: 404-639-1075 (Label: PHONE) -> [PHONE]
2025-05-29 03:02:39,237 - INFO - Anonymizing: 800-232-4636 (Label: PHONE) -> [PHONE]
2025-05-29 03:02:39,237 - INFO - Anonymizing: 404-639-1075 (Label: PHONE) -> [PHONE]
2025-05-29 03:02:39,237 - INFO - Anonymizing: 800-232-4636 (Label: PHONE) -> [PHONE]
2025-05-29 03:03:05,887 - INFO - Anonymizing: 770-488-7100 (Label: PHONE) -> [PHONE]
2025-05-29 03:03:05,887 - INFO - Anonymizing: 404-639-1075 (Label: PHONE) -> [PHONE]
2025-05-29 03:03:05,887 - INFO - Anonymizing: 800-232-4636 (Label: PHONE) -> [PHONE]
2025-05-29 03:03:05,887 - INFO - Anonymizing: 770-488-7100 (Label: PHONE) -> [PHONE]
2025-05-29 03:03:05,887 - INFO - Anonymizing: 404-639-1075 (Label: PHONE) -> [PHONE]
2025-05-29 03:03:05,887 - INFO - Anonymizing: 800-232-4636 (Label: PHONE) -> [PHONE]
2025-05-29 03:03:05,887 - INFO - Anonymizing: 404-639-1075 (Label: PHONE) -> [PHONE]
2025-05-29 03:03:05,887 - INFO - Anonymizing: 800-232-4636 (Label: PHONE) -> [PHONE]
2025-05-29 03:03:07,310 - INFO - Anonymizing: 770-488-7100 (Label: PHONE) -> [PHONE]
2025-05-29 03:03:07,310 - INFO - Anonymizing: 404-639-1075 (Label: PHONE) -> [PHONE]
2025-05-29 03:03:07,310 - INFO - Anonymizing: 800-232-4636 (Label: PHONE) -> [PHONE]
2025-05-29 03:03:07,310 - INFO - Anonymizing: 770-488-7100 (Label: PHONE) -> [PHONE]
2025-05-29 03:03:07,310 - INFO - Anonymizing: 404-639-1075 (Label: PHONE) -> [PHONE]
2025-05-29 03:03:07,310 - INFO - Anonymizing: 800-232-4636 (Label: PHONE) -> [PHONE]
2025-05-29 03:03:07,310 - INFO - Anonymizing: 800-232-4636 (Label: PHONE) -> [PHONE]
2025-05-29 03:03:09,315 - INFO - Anonymizing: 770-488-7100 (Label: PHONE) -> [PHONE]
2025-05-29 03:03:09,315 - INFO - Anonymizing: 404-639-1075 (Label: PHONE) -> [PHONE]
2025-05-29 03:03:09,315 - INFO - Anonymizing: 800-232-4636 (Label: PHONE) -> [PHONE]
2025-05-29 03:03:09,315 - INFO - Anonymizing: 770-488-7100 (Label: PHONE) -> [PHONE]
2025-05-29 03:03:09,315 - INFO - Anonymizing: 404-639-1075 (Label: PHONE) -> [PHONE]
2025-05-29 03:03:09,315 - INFO - Anonymizing: 800-232-4636 (Label: PHONE) -> [PHONE]
2025-05-29 03:03:09,315 - INFO - Anonymizing: 404-639-1075 (Label: PHONE) -> [PHONE]
2025-05-29 03:03:09,315 - INFO - Anonymizing: 800-232-4636 (Label: PHONE) -> [PHONE]
2025-05-29 03:03:39,776 - INFO - Anonymizing: 800-784-8669 (Label: PHONE) -> [PHONE]
2025-05-29 03:03:39,860 - INFO - Anonymizing: 800-784-8669 (Label: PHONE) -> [PHONE]
2025-05-29 03:04:10,738 - INFO - Anonymizing: 800-860-8747 (Label: PHONE) -> [PHONE]
2025-05-29 03:05:35,222 - INFO - Anonymizing: 2027760406 (Label: PHONE) -> [PHONE]
2025-05-29 03:05:35,223 - INFO - Anonymizing: resnaTA@resna.org (Label: EMAIL) -> [EMAIL]
2025-05-29 03:05:35,223 - INFO - Anonymizing: 7035246639 (Label: PHONE) -> [PHONE]
2025-05-29 03:05:35,223 - INFO - Anonymizing: 7035246630 (Label: PHONE) -> [PHONE]
2025-05-29 03:05:35,223 - INFO - Anonymizing: 7035246686 (Label: PHONE) -> [PHONE]
2025-05-29 03:05:35,223 - INFO - Anonymizing: 222091903 (Label: SSN) -> [SSN]
2025-05-29 03:05:35,223 - INFO - Anonymizing: atainfo@ataccess.org (Label: EMAIL) -> [EMAIL]
2025-05-29 03:05:35,223 - INFO - Anonymizing: 7315545283 (Label: PHONE) -> [PHONE]
2025-05-29 03:05:35,223 - INFO - Anonymizing: 7315545284 (Label: PHONE) -> [PHONE]
2025-05-29 03:05:35,223 - INFO - Anonymizing: 7315545282 (Label: PHONE) -> [PHONE]
2025-05-29 03:05:41,217 - INFO - Anonymizing: 3015928573 (Label: PHONE) -> [PHONE]
2025-05-29 03:06:04,689 - INFO - Filtered record: Question length out of range (9)
2025-05-29 03:06:04,864 - INFO - Filtered record: Question length out of range (17944)
2025-05-29 03:06:04,892 - INFO - Filtered record: Question length out of range (8)
2025-05-29 03:06:05,235 - INFO - Filtered record: Answer length out of range (6)
